<?xml version="1.0" encoding="UTF-8"?>
<!-- Generated by org.testng.reporters.JUnitReportReporter -->
<testsuite hostname="DESKTOP-NPHOI33" failures="0" tests="1" name="Runner.TestRunner" time="14.648" errors="0" timestamp="2024-12-28T11:44:28 AST" skipped="0">
  <testcase classname="Runner.TestRunner" name="runScenario" time="14.648"/>
</testsuite> <!-- Runner.TestRunner -->
